INFO  16:29:22,324 - Compiling source file: C:\Users\Ivan\Desktop\Fakultet\7. semestar\PP1\Izvorni kod\MJCompiler\test\program.mj
INFO  16:29:22,414 - #2 program
INFO  16:29:22,414 - #48 p
INFO  16:29:22,415 - #7 const
INFO  16:29:22,417 - #48 bool
INFO  16:29:22,417 - #48 size
INFO  16:29:22,419 - #33 =
INFO  16:29:22,419 - #47 10
INFO  16:29:22,419 - #38 ,
INFO  16:29:22,420 - #48 pq
INFO  16:29:22,420 - #33 =
INFO  16:29:22,420 - #47 2
INFO  16:29:22,420 - #38 ,
INFO  16:29:22,421 - #48 q
INFO  16:29:22,421 - #33 =
INFO  16:29:22,421 - #49 true
INFO  16:29:22,421 - #36 ;
INFO  16:29:22,421 - #48 int
INFO  16:29:22,422 - #48 pa
INFO  16:29:22,422 - #38 ,
INFO  16:29:22,423 - #48 q
INFO  16:29:22,424 - #36 ;
INFO  16:29:22,425 - #48 char
INFO  16:29:22,425 - #48 c
INFO  16:29:22,425 - #38 ,
INFO  16:29:22,425 - #48 inta
INFO  16:29:22,426 - #42 [
INFO  16:29:22,426 - #43 ]
INFO  16:29:22,426 - #38 ,
INFO  16:29:22,426 - #48 arr
INFO  16:29:22,426 - #36 ;
INFO  16:29:22,426 - #4 class
INFO  16:29:22,426 - #48 Table
INFO  16:29:22,426 - #44 {
INFO  16:29:22,428 - #45 }
INFO  16:29:22,430 - #4 class
INFO  16:29:22,431 - #48 A
INFO  16:29:22,431 - #16 extends
INFO  16:29:22,431 - #48 Table
INFO  16:29:22,431 - #44 {
INFO  16:29:22,432 - #48 int
INFO  16:29:22,432 - #48 p
INFO  16:29:22,432 - #38 ,
INFO  16:29:22,433 - #48 r
INFO  16:29:22,433 - #36 ;
INFO  16:29:22,433 - #48 char
INFO  16:29:22,434 - #48 c
INFO  16:29:22,434 - #36 ;
INFO  16:29:22,434 - #48 int
INFO  16:29:22,434 - #48 b
INFO  16:29:22,434 - #44 {
ERROR 16:29:22,435 - 
Sintaksna greska na liniji 7
INFO  16:29:22,435 - #45 }
INFO  16:29:22,435 - #45 }
INFO  16:29:22,435 - #44 {
ERROR 16:29:22,436 - Greska u deklaraciji polja klase u liniji 22
INFO  16:29:22,438 - #15 void
INFO  16:29:22,439 - #48 main
INFO  16:29:22,440 - #40 (
INFO  16:29:22,440 - #48 int
INFO  16:29:22,440 - #48 a
INFO  16:29:22,440 - #38 ,
INFO  16:29:22,443 - #48 int
INFO  16:29:22,443 - #48 b
INFO  16:29:22,443 - #38 ,
INFO  16:29:22,443 - #48 int
INFO  16:29:22,443 - #48 c
INFO  16:29:22,443 - #48 int
ERROR 16:29:22,444 - 
Sintaksna greska na liniji 10
INFO  16:29:22,444 - #48 d
INFO  16:29:22,444 - #41 )
INFO  16:29:22,444 - #44 {
INFO  16:29:22,444 - #48 a
INFO  16:29:22,444 - #33 =
ERROR 16:29:22,444 - Greska u deklaraciji formalnog parametra funkcije u liniji 10
INFO  16:29:22,450 - #33 =
ERROR 16:29:22,451 - 
Sintaksna greska na liniji 11
INFO  16:29:22,451 - #47 5
INFO  16:29:22,451 - #36 ;
INFO  16:29:22,451 - #45 }
INFO  16:29:22,451 - #45 }
ERROR 16:29:22,451 - Greska u konstrukciji iskaza dodele u liniji 11
INFO  16:29:22,462 - Program(
  ProgName(
   p
  ) [ProgName]
  ConstDeclListClass(
    ConstDeclListClass(
      ConstDeclListVar(
        ConstDeclListVar(
          ConstDeclListConst(
            NoConstDeclList(
            ) [NoConstDeclList]
            ConstDeclX(
              Type(
               bool
              ) [Type]
             size
              FirstConstNum(
               10
              ) [FirstConstNum]
              OtherConstListX(
                OtherConstListX(
                  NoOtherConstList(
                  ) [NoOtherConstList]
                  ConstTailX(
                   pq
                    FirstConstNum(
                     2
                    ) [FirstConstNum]
                  ) [ConstTailX]
                ) [OtherConstListX]
                ConstTailX(
                 q
                  FirstConstBool(
                   true
                  ) [FirstConstBool]
                ) [ConstTailX]
              ) [OtherConstListX]
            ) [ConstDeclX]
          ) [ConstDeclListConst]
          GlobalVarDeclX(
            Type(
             int
            ) [Type]
            FirstGlobalVarDeclIdentOnly(
             pa
            ) [FirstGlobalVarDeclIdentOnly]
            OtherGlobalVarDeclListX(
              NoOtherGlobalVarDeclList(
              ) [NoOtherGlobalVarDeclList]
              FirstGlobalVarDeclIdentOnly(
               q
              ) [FirstGlobalVarDeclIdentOnly]
            ) [OtherGlobalVarDeclListX]
          ) [GlobalVarDeclX]
        ) [ConstDeclListVar]
        GlobalVarDeclX(
          Type(
           char
          ) [Type]
          FirstGlobalVarDeclIdentOnly(
           c
          ) [FirstGlobalVarDeclIdentOnly]
          OtherGlobalVarDeclListX(
            OtherGlobalVarDeclListX(
              NoOtherGlobalVarDeclList(
              ) [NoOtherGlobalVarDeclList]
              FirstGlobalVarDeclArrayIdent(
               inta
              ) [FirstGlobalVarDeclArrayIdent]
            ) [OtherGlobalVarDeclListX]
            FirstGlobalVarDeclIdentOnly(
             arr
            ) [FirstGlobalVarDeclIdentOnly]
          ) [OtherGlobalVarDeclListX]
        ) [GlobalVarDeclX]
      ) [ConstDeclListVar]
      ClassDecl(
        ClassDeclStart(
         Table
          NoExtension(
          ) [NoExtension]
        ) [ClassDeclStart]
        NoClassVarDeclList(
        ) [NoClassVarDeclList]
        NoConstructorMethodLists(
        ) [NoConstructorMethodLists]
      ) [ClassDecl]
    ) [ConstDeclListClass]
    ClassDecl(
      ClassDeclStart(
       A
        ExtensionX(
          Type(
           Table
          ) [Type]
        ) [ExtensionX]
      ) [ClassDeclStart]
      ClassVarDeclListX(
        ClassVarDeclListX(
          ClassVarDeclListX(
            NoClassVarDeclList(
            ) [NoClassVarDeclList]
            ClassVarDeclX(
              Type(
               int
              ) [Type]
              FirstClassVarDeclIdentOnly(
               p
              ) [FirstClassVarDeclIdentOnly]
              OtherClassVarDeclListX(
                NoOtherClassVarDeclList(
                ) [NoOtherClassVarDeclList]
                FirstClassVarDeclIdentOnly(
                 r
                ) [FirstClassVarDeclIdentOnly]
              ) [OtherClassVarDeclListX]
            ) [ClassVarDeclX]
          ) [ClassVarDeclListX]
          ClassVarDeclX(
            Type(
             char
            ) [Type]
            FirstClassVarDeclIdentOnly(
             c
            ) [FirstClassVarDeclIdentOnly]
            NoOtherClassVarDeclList(
            ) [NoOtherClassVarDeclList]
          ) [ClassVarDeclX]
        ) [ClassVarDeclListX]
        ClassVarDeclError(
        ) [ClassVarDeclError]
      ) [ClassVarDeclListX]
      ConstructorMethodListsX(
        Lists4(
        ) [Lists4]
      ) [ConstructorMethodListsX]
    ) [ClassDecl]
  ) [ConstDeclListClass]
  MethodDeclListX(
    NoMethodDeclList(
    ) [NoMethodDeclList]
    MethodDecl(
      NoReturnType(
      ) [NoReturnType]
     main
      FormParsOptionalX(
        FormPars(
          IdentSquaresX(
            Type(
             int
            ) [Type]
           a
            NoOptionalSquares(
            ) [NoOptionalSquares]
          ) [IdentSquaresX]
          TypeIdentListX(
            TypeIdentListX(
              NoTypeIdentList(
              ) [NoTypeIdentList]
              IdentSquaresX(
                Type(
                 int
                ) [Type]
               b
                NoOptionalSquares(
                ) [NoOptionalSquares]
              ) [IdentSquaresX]
            ) [TypeIdentListX]
            IdentSquaresError(
            ) [IdentSquaresError]
          ) [TypeIdentListX]
        ) [FormPars]
      ) [FormParsOptionalX]
      NoVarDeclList(
      ) [NoVarDeclList]
      StatementListX(
        NoStatementList(
        ) [NoStatementList]
        MatchedStmt(
          DesigStmt(
            ErrorDesignatorStmt(
            ) [ErrorDesignatorStmt]
          ) [DesigStmt]
        ) [MatchedStmt]
      ) [StatementListX]
    ) [MethodDecl]
  ) [MethodDeclListX]
) [Program]
INFO  16:29:22,462 - ===================================
ERROR 16:29:22,468 - Tip i vrednost nisu kompatibilni u deklaraciji konstante! na liniji 2
INFO  16:29:22,468 - Konstanta definisana! na liniji 2
ERROR 16:29:22,469 - Tip i vrednost nisu kompatibilni u deklaraciji konstante! na liniji 2
INFO  16:29:22,469 - Deklarisana globalna promenljiva! na liniji 3
ERROR 16:29:22,469 - Vec postoji globalna promenljiva sa ovim imenom! na liniji 3
INFO  16:29:22,469 - Deklarisana globalna promenljiva! na liniji 3
INFO  16:29:22,469 - Deklarisana globalna promenljiva (niz)! na liniji 3
INFO  16:29:22,469 - Deklarisana globalna promenljiva! na liniji 3
INFO  16:29:22,470 - Kreirana je klasa Table! na liniji 4
INFO  16:29:22,470 - Kreirana je klasa A! na liniji 5
INFO  16:29:22,470 - Deklarisana promenljiva klase! na liniji 6
INFO  16:29:22,470 - Deklarisana promenljiva klase! na liniji 6
INFO  16:29:22,470 - Deklarisana promenljiva klase! na liniji 6
ERROR 16:29:22,470 - Greska: program ne sadrzi main metodu! na liniji 1
INFO  16:29:22,471 - ===================================
ERROR 16:29:22,471 - Parsiranje NIJE uspesno zavrseno!
INFO  16:29:47,240 - Compiling source file: C:\Users\Ivan\Desktop\Fakultet\7. semestar\PP1\Izvorni kod\MJCompiler\test\program.mj
INFO  16:29:47,325 - #2 program
INFO  16:29:47,325 - #48 p
INFO  16:29:47,325 - #7 const
INFO  16:29:47,326 - #48 bool
INFO  16:29:47,327 - #48 size
INFO  16:29:47,327 - #33 =
INFO  16:29:47,328 - #47 10
INFO  16:29:47,328 - #38 ,
INFO  16:29:47,329 - #48 pq
INFO  16:29:47,329 - #33 =
INFO  16:29:47,329 - #47 2
INFO  16:29:47,329 - #38 ,
INFO  16:29:47,329 - #48 q
INFO  16:29:47,329 - #33 =
INFO  16:29:47,329 - #49 true
INFO  16:29:47,330 - #36 ;
INFO  16:29:47,330 - #48 int
INFO  16:29:47,330 - #48 pa
INFO  16:29:47,330 - #38 ,
INFO  16:29:47,331 - #48 q
INFO  16:29:47,331 - #36 ;
INFO  16:29:47,331 - #48 char
INFO  16:29:47,332 - #48 c
INFO  16:29:47,332 - #38 ,
INFO  16:29:47,332 - #48 inta
INFO  16:29:47,332 - #42 [
INFO  16:29:47,332 - #43 ]
INFO  16:29:47,332 - #38 ,
INFO  16:29:47,333 - #48 arr
INFO  16:29:47,333 - #36 ;
INFO  16:29:47,333 - #4 class
INFO  16:29:47,333 - #48 Table
INFO  16:29:47,333 - #44 {
INFO  16:29:47,336 - #45 }
INFO  16:29:47,337 - #4 class
INFO  16:29:47,339 - #48 A
INFO  16:29:47,339 - #16 extends
INFO  16:29:47,339 - #48 Tabl
INFO  16:29:47,339 - #44 {
INFO  16:29:47,339 - #48 int
INFO  16:29:47,339 - #48 p
INFO  16:29:47,339 - #38 ,
INFO  16:29:47,340 - #48 r
INFO  16:29:47,340 - #36 ;
INFO  16:29:47,341 - #48 char
INFO  16:29:47,341 - #48 c
INFO  16:29:47,341 - #36 ;
INFO  16:29:47,341 - #48 int
INFO  16:29:47,341 - #48 b
INFO  16:29:47,341 - #44 {
ERROR 16:29:47,341 - 
Sintaksna greska na liniji 7
INFO  16:29:47,341 - #45 }
INFO  16:29:47,341 - #45 }
INFO  16:29:47,342 - #44 {
ERROR 16:29:47,342 - Greska u deklaraciji polja klase u liniji 21
INFO  16:29:47,344 - #15 void
INFO  16:29:47,344 - #48 main
INFO  16:29:47,345 - #40 (
INFO  16:29:47,345 - #48 int
INFO  16:29:47,345 - #48 a
INFO  16:29:47,345 - #38 ,
INFO  16:29:47,347 - #48 int
INFO  16:29:47,347 - #48 b
INFO  16:29:47,347 - #38 ,
INFO  16:29:47,348 - #48 int
INFO  16:29:47,348 - #48 c
INFO  16:29:47,348 - #48 int
ERROR 16:29:47,348 - 
Sintaksna greska na liniji 10
INFO  16:29:47,348 - #48 d
INFO  16:29:47,348 - #41 )
INFO  16:29:47,348 - #44 {
INFO  16:29:47,348 - #48 a
INFO  16:29:47,348 - #33 =
ERROR 16:29:47,348 - Greska u deklaraciji formalnog parametra funkcije u liniji 10
INFO  16:29:47,355 - #33 =
ERROR 16:29:47,355 - 
Sintaksna greska na liniji 11
INFO  16:29:47,355 - #47 5
INFO  16:29:47,355 - #36 ;
INFO  16:29:47,356 - #45 }
INFO  16:29:47,356 - #45 }
ERROR 16:29:47,356 - Greska u konstrukciji iskaza dodele u liniji 11
INFO  16:29:47,365 - Program(
  ProgName(
   p
  ) [ProgName]
  ConstDeclListClass(
    ConstDeclListClass(
      ConstDeclListVar(
        ConstDeclListVar(
          ConstDeclListConst(
            NoConstDeclList(
            ) [NoConstDeclList]
            ConstDeclX(
              Type(
               bool
              ) [Type]
             size
              FirstConstNum(
               10
              ) [FirstConstNum]
              OtherConstListX(
                OtherConstListX(
                  NoOtherConstList(
                  ) [NoOtherConstList]
                  ConstTailX(
                   pq
                    FirstConstNum(
                     2
                    ) [FirstConstNum]
                  ) [ConstTailX]
                ) [OtherConstListX]
                ConstTailX(
                 q
                  FirstConstBool(
                   true
                  ) [FirstConstBool]
                ) [ConstTailX]
              ) [OtherConstListX]
            ) [ConstDeclX]
          ) [ConstDeclListConst]
          GlobalVarDeclX(
            Type(
             int
            ) [Type]
            FirstGlobalVarDeclIdentOnly(
             pa
            ) [FirstGlobalVarDeclIdentOnly]
            OtherGlobalVarDeclListX(
              NoOtherGlobalVarDeclList(
              ) [NoOtherGlobalVarDeclList]
              FirstGlobalVarDeclIdentOnly(
               q
              ) [FirstGlobalVarDeclIdentOnly]
            ) [OtherGlobalVarDeclListX]
          ) [GlobalVarDeclX]
        ) [ConstDeclListVar]
        GlobalVarDeclX(
          Type(
           char
          ) [Type]
          FirstGlobalVarDeclIdentOnly(
           c
          ) [FirstGlobalVarDeclIdentOnly]
          OtherGlobalVarDeclListX(
            OtherGlobalVarDeclListX(
              NoOtherGlobalVarDeclList(
              ) [NoOtherGlobalVarDeclList]
              FirstGlobalVarDeclArrayIdent(
               inta
              ) [FirstGlobalVarDeclArrayIdent]
            ) [OtherGlobalVarDeclListX]
            FirstGlobalVarDeclIdentOnly(
             arr
            ) [FirstGlobalVarDeclIdentOnly]
          ) [OtherGlobalVarDeclListX]
        ) [GlobalVarDeclX]
      ) [ConstDeclListVar]
      ClassDecl(
        ClassDeclStart(
         Table
          NoExtension(
          ) [NoExtension]
        ) [ClassDeclStart]
        NoClassVarDeclList(
        ) [NoClassVarDeclList]
        NoConstructorMethodLists(
        ) [NoConstructorMethodLists]
      ) [ClassDecl]
    ) [ConstDeclListClass]
    ClassDecl(
      ClassDeclStart(
       A
        ExtensionX(
          Type(
           Tabl
          ) [Type]
        ) [ExtensionX]
      ) [ClassDeclStart]
      ClassVarDeclListX(
        ClassVarDeclListX(
          ClassVarDeclListX(
            NoClassVarDeclList(
            ) [NoClassVarDeclList]
            ClassVarDeclX(
              Type(
               int
              ) [Type]
              FirstClassVarDeclIdentOnly(
               p
              ) [FirstClassVarDeclIdentOnly]
              OtherClassVarDeclListX(
                NoOtherClassVarDeclList(
                ) [NoOtherClassVarDeclList]
                FirstClassVarDeclIdentOnly(
                 r
                ) [FirstClassVarDeclIdentOnly]
              ) [OtherClassVarDeclListX]
            ) [ClassVarDeclX]
          ) [ClassVarDeclListX]
          ClassVarDeclX(
            Type(
             char
            ) [Type]
            FirstClassVarDeclIdentOnly(
             c
            ) [FirstClassVarDeclIdentOnly]
            NoOtherClassVarDeclList(
            ) [NoOtherClassVarDeclList]
          ) [ClassVarDeclX]
        ) [ClassVarDeclListX]
        ClassVarDeclError(
        ) [ClassVarDeclError]
      ) [ClassVarDeclListX]
      ConstructorMethodListsX(
        Lists4(
        ) [Lists4]
      ) [ConstructorMethodListsX]
    ) [ClassDecl]
  ) [ConstDeclListClass]
  MethodDeclListX(
    NoMethodDeclList(
    ) [NoMethodDeclList]
    MethodDecl(
      NoReturnType(
      ) [NoReturnType]
     main
      FormParsOptionalX(
        FormPars(
          IdentSquaresX(
            Type(
             int
            ) [Type]
           a
            NoOptionalSquares(
            ) [NoOptionalSquares]
          ) [IdentSquaresX]
          TypeIdentListX(
            TypeIdentListX(
              NoTypeIdentList(
              ) [NoTypeIdentList]
              IdentSquaresX(
                Type(
                 int
                ) [Type]
               b
                NoOptionalSquares(
                ) [NoOptionalSquares]
              ) [IdentSquaresX]
            ) [TypeIdentListX]
            IdentSquaresError(
            ) [IdentSquaresError]
          ) [TypeIdentListX]
        ) [FormPars]
      ) [FormParsOptionalX]
      NoVarDeclList(
      ) [NoVarDeclList]
      StatementListX(
        NoStatementList(
        ) [NoStatementList]
        MatchedStmt(
          DesigStmt(
            ErrorDesignatorStmt(
            ) [ErrorDesignatorStmt]
          ) [DesigStmt]
        ) [MatchedStmt]
      ) [StatementListX]
    ) [MethodDecl]
  ) [MethodDeclListX]
) [Program]
INFO  16:29:47,366 - ===================================
ERROR 16:29:47,371 - Tip i vrednost nisu kompatibilni u deklaraciji konstante! na liniji 2
INFO  16:29:47,371 - Konstanta definisana! na liniji 2
ERROR 16:29:47,371 - Tip i vrednost nisu kompatibilni u deklaraciji konstante! na liniji 2
INFO  16:29:47,372 - Deklarisana globalna promenljiva! na liniji 3
ERROR 16:29:47,372 - Vec postoji globalna promenljiva sa ovim imenom! na liniji 3
INFO  16:29:47,372 - Deklarisana globalna promenljiva! na liniji 3
INFO  16:29:47,372 - Deklarisana globalna promenljiva (niz)! na liniji 3
INFO  16:29:47,372 - Deklarisana globalna promenljiva! na liniji 3
INFO  16:29:47,372 - Kreirana je klasa Table! na liniji 4
ERROR 16:29:47,372 - Tip Tabl ne postoji u tabeli simbola!
ERROR 16:29:47,372 - Ne postoji zadata natklasa! na liniji 5
INFO  16:29:47,372 - Kreirana je klasa A! na liniji 5
INFO  16:29:47,372 - Deklarisana promenljiva klase! na liniji 6
INFO  16:29:47,372 - Deklarisana promenljiva klase! na liniji 6
INFO  16:29:47,372 - Deklarisana promenljiva klase! na liniji 6
ERROR 16:29:47,373 - Greska: program ne sadrzi main metodu! na liniji 1
INFO  16:29:47,373 - ===================================
ERROR 16:29:47,373 - Parsiranje NIJE uspesno zavrseno!
INFO  16:30:02,214 - Compiling source file: C:\Users\Ivan\Desktop\Fakultet\7. semestar\PP1\Izvorni kod\MJCompiler\test\program.mj
INFO  16:30:02,363 - #2 program
INFO  16:30:02,364 - #48 p
INFO  16:30:02,364 - #7 const
INFO  16:30:02,368 - #48 bool
INFO  16:30:02,368 - #48 size
INFO  16:30:02,371 - #33 =
INFO  16:30:02,371 - #47 10
INFO  16:30:02,371 - #38 ,
INFO  16:30:02,374 - #48 pq
INFO  16:30:02,374 - #33 =
INFO  16:30:02,374 - #47 2
INFO  16:30:02,374 - #38 ,
INFO  16:30:02,375 - #48 q
INFO  16:30:02,375 - #33 =
INFO  16:30:02,376 - #49 true
INFO  16:30:02,376 - #36 ;
INFO  16:30:02,376 - #48 int
INFO  16:30:02,377 - #48 pa
INFO  16:30:02,377 - #38 ,
INFO  16:30:02,379 - #48 q
INFO  16:30:02,379 - #36 ;
INFO  16:30:02,379 - #48 char
INFO  16:30:02,381 - #48 c
INFO  16:30:02,381 - #38 ,
INFO  16:30:02,381 - #48 inta
INFO  16:30:02,382 - #42 [
INFO  16:30:02,382 - #43 ]
INFO  16:30:02,382 - #38 ,
INFO  16:30:02,383 - #48 arr
INFO  16:30:02,383 - #36 ;
INFO  16:30:02,383 - #4 class
INFO  16:30:02,384 - #48 Table
INFO  16:30:02,384 - #44 {
INFO  16:30:02,388 - #45 }
INFO  16:30:02,390 - #4 class
INFO  16:30:02,392 - #48 A
INFO  16:30:02,392 - #16 extends
INFO  16:30:02,392 - #48 Table
INFO  16:30:02,393 - #44 {
INFO  16:30:02,393 - #48 int
INFO  16:30:02,393 - #48 p
INFO  16:30:02,393 - #38 ,
INFO  16:30:02,395 - #48 r
INFO  16:30:02,395 - #36 ;
INFO  16:30:02,395 - #48 char
INFO  16:30:02,396 - #48 c
INFO  16:30:02,396 - #36 ;
INFO  16:30:02,397 - #48 int
INFO  16:30:02,397 - #48 b
INFO  16:30:02,397 - #44 {
ERROR 16:30:02,398 - 
Sintaksna greska na liniji 7
INFO  16:30:02,398 - #45 }
INFO  16:30:02,398 - #45 }
INFO  16:30:02,398 - #44 {
ERROR 16:30:02,400 - Greska u deklaraciji polja klase u liniji 22
INFO  16:30:02,404 - #15 void
INFO  16:30:02,405 - #48 main
INFO  16:30:02,407 - #40 (
INFO  16:30:02,407 - #48 int
INFO  16:30:02,408 - #48 a
INFO  16:30:02,408 - #38 ,
INFO  16:30:02,412 - #48 int
INFO  16:30:02,412 - #48 b
INFO  16:30:02,413 - #38 ,
INFO  16:30:02,413 - #48 int
INFO  16:30:02,413 - #48 c
INFO  16:30:02,413 - #48 int
ERROR 16:30:02,414 - 
Sintaksna greska na liniji 10
INFO  16:30:02,414 - #48 d
INFO  16:30:02,414 - #41 )
INFO  16:30:02,414 - #44 {
INFO  16:30:02,415 - #48 a
INFO  16:30:02,416 - #33 =
ERROR 16:30:02,416 - Greska u deklaraciji formalnog parametra funkcije u liniji 10
INFO  16:30:02,426 - #33 =
ERROR 16:30:02,427 - 
Sintaksna greska na liniji 11
INFO  16:30:02,427 - #47 5
INFO  16:30:02,427 - #36 ;
INFO  16:30:02,427 - #45 }
INFO  16:30:02,427 - #45 }
ERROR 16:30:02,428 - Greska u konstrukciji iskaza dodele u liniji 11
INFO  16:30:02,446 - Program(
  ProgName(
   p
  ) [ProgName]
  ConstDeclListClass(
    ConstDeclListClass(
      ConstDeclListVar(
        ConstDeclListVar(
          ConstDeclListConst(
            NoConstDeclList(
            ) [NoConstDeclList]
            ConstDeclX(
              Type(
               bool
              ) [Type]
             size
              FirstConstNum(
               10
              ) [FirstConstNum]
              OtherConstListX(
                OtherConstListX(
                  NoOtherConstList(
                  ) [NoOtherConstList]
                  ConstTailX(
                   pq
                    FirstConstNum(
                     2
                    ) [FirstConstNum]
                  ) [ConstTailX]
                ) [OtherConstListX]
                ConstTailX(
                 q
                  FirstConstBool(
                   true
                  ) [FirstConstBool]
                ) [ConstTailX]
              ) [OtherConstListX]
            ) [ConstDeclX]
          ) [ConstDeclListConst]
          GlobalVarDeclX(
            Type(
             int
            ) [Type]
            FirstGlobalVarDeclIdentOnly(
             pa
            ) [FirstGlobalVarDeclIdentOnly]
            OtherGlobalVarDeclListX(
              NoOtherGlobalVarDeclList(
              ) [NoOtherGlobalVarDeclList]
              FirstGlobalVarDeclIdentOnly(
               q
              ) [FirstGlobalVarDeclIdentOnly]
            ) [OtherGlobalVarDeclListX]
          ) [GlobalVarDeclX]
        ) [ConstDeclListVar]
        GlobalVarDeclX(
          Type(
           char
          ) [Type]
          FirstGlobalVarDeclIdentOnly(
           c
          ) [FirstGlobalVarDeclIdentOnly]
          OtherGlobalVarDeclListX(
            OtherGlobalVarDeclListX(
              NoOtherGlobalVarDeclList(
              ) [NoOtherGlobalVarDeclList]
              FirstGlobalVarDeclArrayIdent(
               inta
              ) [FirstGlobalVarDeclArrayIdent]
            ) [OtherGlobalVarDeclListX]
            FirstGlobalVarDeclIdentOnly(
             arr
            ) [FirstGlobalVarDeclIdentOnly]
          ) [OtherGlobalVarDeclListX]
        ) [GlobalVarDeclX]
      ) [ConstDeclListVar]
      ClassDecl(
        ClassDeclStart(
         Table
          NoExtension(
          ) [NoExtension]
        ) [ClassDeclStart]
        NoClassVarDeclList(
        ) [NoClassVarDeclList]
        NoConstructorMethodLists(
        ) [NoConstructorMethodLists]
      ) [ClassDecl]
    ) [ConstDeclListClass]
    ClassDecl(
      ClassDeclStart(
       A
        ExtensionX(
          Type(
           Table
          ) [Type]
        ) [ExtensionX]
      ) [ClassDeclStart]
      ClassVarDeclListX(
        ClassVarDeclListX(
          ClassVarDeclListX(
            NoClassVarDeclList(
            ) [NoClassVarDeclList]
            ClassVarDeclX(
              Type(
               int
              ) [Type]
              FirstClassVarDeclIdentOnly(
               p
              ) [FirstClassVarDeclIdentOnly]
              OtherClassVarDeclListX(
                NoOtherClassVarDeclList(
                ) [NoOtherClassVarDeclList]
                FirstClassVarDeclIdentOnly(
                 r
                ) [FirstClassVarDeclIdentOnly]
              ) [OtherClassVarDeclListX]
            ) [ClassVarDeclX]
          ) [ClassVarDeclListX]
          ClassVarDeclX(
            Type(
             char
            ) [Type]
            FirstClassVarDeclIdentOnly(
             c
            ) [FirstClassVarDeclIdentOnly]
            NoOtherClassVarDeclList(
            ) [NoOtherClassVarDeclList]
          ) [ClassVarDeclX]
        ) [ClassVarDeclListX]
        ClassVarDeclError(
        ) [ClassVarDeclError]
      ) [ClassVarDeclListX]
      ConstructorMethodListsX(
        Lists4(
        ) [Lists4]
      ) [ConstructorMethodListsX]
    ) [ClassDecl]
  ) [ConstDeclListClass]
  MethodDeclListX(
    NoMethodDeclList(
    ) [NoMethodDeclList]
    MethodDecl(
      NoReturnType(
      ) [NoReturnType]
     main
      FormParsOptionalX(
        FormPars(
          IdentSquaresX(
            Type(
             int
            ) [Type]
           a
            NoOptionalSquares(
            ) [NoOptionalSquares]
          ) [IdentSquaresX]
          TypeIdentListX(
            TypeIdentListX(
              NoTypeIdentList(
              ) [NoTypeIdentList]
              IdentSquaresX(
                Type(
                 int
                ) [Type]
               b
                NoOptionalSquares(
                ) [NoOptionalSquares]
              ) [IdentSquaresX]
            ) [TypeIdentListX]
            IdentSquaresError(
            ) [IdentSquaresError]
          ) [TypeIdentListX]
        ) [FormPars]
      ) [FormParsOptionalX]
      NoVarDeclList(
      ) [NoVarDeclList]
      StatementListX(
        NoStatementList(
        ) [NoStatementList]
        MatchedStmt(
          DesigStmt(
            ErrorDesignatorStmt(
            ) [ErrorDesignatorStmt]
          ) [DesigStmt]
        ) [MatchedStmt]
      ) [StatementListX]
    ) [MethodDecl]
  ) [MethodDeclListX]
) [Program]
INFO  16:30:02,448 - ===================================
ERROR 16:30:02,456 - Tip i vrednost nisu kompatibilni u deklaraciji konstante! na liniji 2
INFO  16:30:02,457 - Konstanta definisana! na liniji 2
ERROR 16:30:02,457 - Tip i vrednost nisu kompatibilni u deklaraciji konstante! na liniji 2
INFO  16:30:02,457 - Deklarisana globalna promenljiva! na liniji 3
ERROR 16:30:02,457 - Vec postoji globalna promenljiva sa ovim imenom! na liniji 3
INFO  16:30:02,457 - Deklarisana globalna promenljiva! na liniji 3
INFO  16:30:02,457 - Deklarisana globalna promenljiva (niz)! na liniji 3
INFO  16:30:02,458 - Deklarisana globalna promenljiva! na liniji 3
INFO  16:30:02,458 - Kreirana je klasa Table! na liniji 4
INFO  16:30:02,458 - Kreirana je klasa A! na liniji 5
INFO  16:30:02,458 - Deklarisana promenljiva klase! na liniji 6
INFO  16:30:02,458 - Deklarisana promenljiva klase! na liniji 6
INFO  16:30:02,458 - Deklarisana promenljiva klase! na liniji 6
ERROR 16:30:02,459 - Greska: program ne sadrzi main metodu! na liniji 1
INFO  16:30:02,459 - ===================================
ERROR 16:30:02,460 - Parsiranje NIJE uspesno zavrseno!
